{"E:\\SE231-summer\\project\\PKBG_ARshotgame\\Component\\EnterRoom_inputID.js": {"path":"E:\\SE231-summer\\project\\PKBG_ARshotgame\\Component\\EnterRoom_inputID.js","statementMap":{"0":{"start":{"line":17,"column":19},"end":{"line":17,"column":50}},"1":{"start":{"line":20,"column":15},"end":{"line":20,"column":16}},"2":{"start":{"line":20,"column":30},"end":{"line":20,"column":31}},"3":{"start":{"line":27,"column":8},"end":{"line":27,"column":21}},"4":{"start":{"line":28,"column":8},"end":{"line":32,"column":9}},"5":{"start":{"line":33,"column":8},"end":{"line":33,"column":63}},"6":{"start":{"line":34,"column":8},"end":{"line":34,"column":67}},"7":{"start":{"line":35,"column":8},"end":{"line":35,"column":51}},"8":{"start":{"line":36,"column":8},"end":{"line":36,"column":61}},"9":{"start":{"line":41,"column":8},"end":{"line":43,"column":9}},"10":{"start":{"line":47,"column":8},"end":{"line":49,"column":9}},"11":{"start":{"line":61,"column":22},"end":{"line":61,"column":26}},"12":{"start":{"line":63,"column":20},"end":{"line":63,"column":56}},"13":{"start":{"line":65,"column":19},"end":{"line":69,"column":9}},"14":{"start":{"line":71,"column":19},"end":{"line":71,"column":21}},"15":{"start":{"line":73,"column":4},"end":{"line":86,"column":15}},"16":{"start":{"line":76,"column":16},"end":{"line":76,"column":38}},"17":{"start":{"line":77,"column":16},"end":{"line":77,"column":37}},"18":{"start":{"line":81,"column":16},"end":{"line":81,"column":26}},"19":{"start":{"line":82,"column":16},"end":{"line":82,"column":35}},"20":{"start":{"line":88,"column":12},"end":{"line":103,"column":13}},"21":{"start":{"line":90,"column":46},"end":{"line":90,"column":67}},"22":{"start":{"line":91,"column":16},"end":{"line":91,"column":144}},"23":{"start":{"line":91,"column":144},"end":{"line":91,"column":150}},"24":{"start":{"line":93,"column":30},"end":{"line":93,"column":47}},"25":{"start":{"line":93,"column":47},"end":{"line":93,"column":53}},"26":{"start":{"line":95,"column":32},"end":{"line":95,"column":47}},"27":{"start":{"line":95,"column":47},"end":{"line":95,"column":53}},"28":{"start":{"line":97,"column":25},"end":{"line":97,"column":43}},"29":{"start":{"line":97,"column":43},"end":{"line":97,"column":49}},"30":{"start":{"line":99,"column":25},"end":{"line":99,"column":42}},"31":{"start":{"line":99,"column":42},"end":{"line":99,"column":48}},"32":{"start":{"line":101,"column":26},"end":{"line":101,"column":42}},"33":{"start":{"line":101,"column":42},"end":{"line":101,"column":48}},"34":{"start":{"line":102,"column":26},"end":{"line":102,"column":40}},"35":{"start":{"line":102,"column":40},"end":{"line":102,"column":46}},"36":{"start":{"line":124,"column":27},"end":{"line":124,"column":48}},"37":{"start":{"line":125,"column":8},"end":{"line":125,"column":17}},"38":{"start":{"line":130,"column":8},"end":{"line":208,"column":10}}},"fnMap":{"0":{"name":"(anonymous_0)","decl":{"start":{"line":26,"column":4},"end":{"line":26,"column":5}},"loc":{"start":{"line":26,"column":22},"end":{"line":37,"column":5}},"line":26},"1":{"name":"(anonymous_1)","decl":{"start":{"line":40,"column":4},"end":{"line":40,"column":5}},"loc":{"start":{"line":40,"column":24},"end":{"line":44,"column":5}},"line":40},"2":{"name":"(anonymous_2)","decl":{"start":{"line":46,"column":4},"end":{"line":46,"column":5}},"loc":{"start":{"line":46,"column":26},"end":{"line":50,"column":5}},"line":46},"3":{"name":"(anonymous_3)","decl":{"start":{"line":59,"column":0},"end":{"line":59,"column":1}},"loc":{"start":{"line":59,"column":20},"end":{"line":120,"column":5}},"line":59},"4":{"name":"(anonymous_4)","decl":{"start":{"line":74,"column":18},"end":{"line":74,"column":19}},"loc":{"start":{"line":74,"column":38},"end":{"line":78,"column":13}},"line":74},"5":{"name":"(anonymous_5)","decl":{"start":{"line":79,"column":19},"end":{"line":79,"column":20}},"loc":{"start":{"line":79,"column":36},"end":{"line":83,"column":13}},"line":79},"6":{"name":"(anonymous_6)","decl":{"start":{"line":84,"column":18},"end":{"line":84,"column":19}},"loc":{"start":{"line":84,"column":30},"end":{"line":86,"column":13}},"line":84},"7":{"name":"(anonymous_7)","decl":{"start":{"line":123,"column":4},"end":{"line":123,"column":5}},"loc":{"start":{"line":123,"column":20},"end":{"line":126,"column":5}},"line":123},"8":{"name":"(anonymous_8)","decl":{"start":{"line":128,"column":4},"end":{"line":128,"column":5}},"loc":{"start":{"line":128,"column":13},"end":{"line":209,"column":5}},"line":128}},"branchMap":{"0":{"loc":{"start":{"line":88,"column":12},"end":{"line":103,"column":13}},"type":"switch","locations":[{"start":{"line":90,"column":16},"end":{"line":91,"column":150}},{"start":{"line":93,"column":16},"end":{"line":93,"column":53}},{"start":{"line":95,"column":16},"end":{"line":95,"column":53}},{"start":{"line":97,"column":16},"end":{"line":97,"column":49}},{"start":{"line":99,"column":16},"end":{"line":99,"column":48}},{"start":{"line":101,"column":16},"end":{"line":101,"column":48}},{"start":{"line":102,"column":16},"end":{"line":102,"column":46}}],"line":88}},"s":{"0":1,"1":1,"2":1,"3":1,"4":1,"5":1,"6":1,"7":1,"8":1,"9":0,"10":0,"11":0,"12":0,"13":0,"14":0,"15":0,"16":0,"17":0,"18":0,"19":0,"20":0,"21":0,"22":0,"23":0,"24":0,"25":0,"26":0,"27":0,"28":0,"29":0,"30":0,"31":0,"32":0,"33":0,"34":0,"35":0,"36":0,"37":0,"38":1},"f":{"0":1,"1":0,"2":0,"3":0,"4":0,"5":0,"6":0,"7":0,"8":1},"b":{"0":[0,0,0,0,0,0,0]},"_coverageSchema":"43e27e138ebf9cfc5966b082cf9a028302ed4184","hash":"4066808e94eb8f05bc0ab6b11b5fc7403d3b6062"}
,"E:\\SE231-summer\\project\\PKBG_ARshotgame\\Component\\Gaming.js": {"path":"E:\\SE231-summer\\project\\PKBG_ARshotgame\\Component\\Gaming.js","statementMap":{"0":{"start":{"line":20,"column":8},"end":{"line":27,"column":10}},"1":{"start":{"line":32,"column":15},"end":{"line":42,"column":2}}},"fnMap":{"0":{"name":"(anonymous_0)","decl":{"start":{"line":19,"column":4},"end":{"line":19,"column":5}},"loc":{"start":{"line":19,"column":13},"end":{"line":28,"column":5}},"line":19}},"branchMap":{},"s":{"0":1,"1":1},"f":{"0":1},"b":{},"_coverageSchema":"43e27e138ebf9cfc5966b082cf9a028302ed4184","hash":"cbc58a8d6cbb4800a33d37e61764214f2394467b"}
,"E:\\SE231-summer\\project\\PKBG_ARshotgame\\Component\\Home.js": {"path":"E:\\SE231-summer\\project\\PKBG_ARshotgame\\Component\\Home.js","statementMap":{"0":{"start":{"line":14,"column":8},"end":{"line":14,"column":21}},"1":{"start":{"line":15,"column":8},"end":{"line":15,"column":47}},"2":{"start":{"line":22,"column":29},"end":{"line":22,"column":50}},"3":{"start":{"line":23,"column":8},"end":{"line":23,"column":26}},"4":{"start":{"line":30,"column":8},"end":{"line":48,"column":10}}},"fnMap":{"0":{"name":"(anonymous_0)","decl":{"start":{"line":13,"column":4},"end":{"line":13,"column":5}},"loc":{"start":{"line":13,"column":22},"end":{"line":16,"column":5}},"line":13},"1":{"name":"(anonymous_1)","decl":{"start":{"line":21,"column":4},"end":{"line":21,"column":5}},"loc":{"start":{"line":21,"column":14},"end":{"line":24,"column":5}},"line":21},"2":{"name":"(anonymous_2)","decl":{"start":{"line":29,"column":4},"end":{"line":29,"column":5}},"loc":{"start":{"line":29,"column":13},"end":{"line":49,"column":5}},"line":29}},"branchMap":{},"s":{"0":1,"1":1,"2":0,"3":0,"4":1},"f":{"0":1,"1":0,"2":1},"b":{},"_coverageSchema":"43e27e138ebf9cfc5966b082cf9a028302ed4184","hash":"2a9f8d7540711a07afbae7f36d7481b4ff6e59d6"}
,"E:\\SE231-summer\\project\\PKBG_ARshotgame\\Component\\Login.js": {"path":"E:\\SE231-summer\\project\\PKBG_ARshotgame\\Component\\Login.js","statementMap":{"0":{"start":{"line":16,"column":17},"end":{"line":16,"column":18}},"1":{"start":{"line":16,"column":32},"end":{"line":16,"column":33}},"2":{"start":{"line":16,"column":45},"end":{"line":16,"column":46}},"3":{"start":{"line":23,"column":8},"end":{"line":23,"column":21}},"4":{"start":{"line":24,"column":8},"end":{"line":27,"column":9}},"5":{"start":{"line":28,"column":8},"end":{"line":28,"column":67}},"6":{"start":{"line":29,"column":8},"end":{"line":29,"column":67}},"7":{"start":{"line":30,"column":8},"end":{"line":30,"column":49}},"8":{"start":{"line":31,"column":8},"end":{"line":31,"column":43}},"9":{"start":{"line":32,"column":8},"end":{"line":32,"column":57}},"10":{"start":{"line":37,"column":8},"end":{"line":39,"column":9}},"11":{"start":{"line":43,"column":8},"end":{"line":45,"column":9}},"12":{"start":{"line":51,"column":29},"end":{"line":51,"column":50}},"13":{"start":{"line":52,"column":8},"end":{"line":52,"column":29}},"14":{"start":{"line":64,"column":22},"end":{"line":64,"column":26}},"15":{"start":{"line":66,"column":20},"end":{"line":66,"column":57}},"16":{"start":{"line":68,"column":19},"end":{"line":68,"column":21}},"17":{"start":{"line":70,"column":19},"end":{"line":73,"column":9}},"18":{"start":{"line":74,"column":4},"end":{"line":86,"column":15}},"19":{"start":{"line":77,"column":16},"end":{"line":77,"column":37}},"20":{"start":{"line":78,"column":16},"end":{"line":78,"column":38}},"21":{"start":{"line":82,"column":16},"end":{"line":82,"column":35}},"22":{"start":{"line":88,"column":8},"end":{"line":99,"column":9}},"23":{"start":{"line":90,"column":42},"end":{"line":90,"column":63}},"24":{"start":{"line":91,"column":20},"end":{"line":91,"column":76}},"25":{"start":{"line":91,"column":76},"end":{"line":91,"column":82}},"26":{"start":{"line":93,"column":28},"end":{"line":93,"column":45}},"27":{"start":{"line":93,"column":45},"end":{"line":93,"column":51}},"28":{"start":{"line":95,"column":28},"end":{"line":95,"column":43}},"29":{"start":{"line":95,"column":43},"end":{"line":95,"column":49}},"30":{"start":{"line":97,"column":26},"end":{"line":97,"column":54}},"31":{"start":{"line":97,"column":54},"end":{"line":97,"column":60}},"32":{"start":{"line":98,"column":22},"end":{"line":98,"column":36}},"33":{"start":{"line":98,"column":36},"end":{"line":98,"column":42}},"34":{"start":{"line":119,"column":22},"end":{"line":119,"column":26}},"35":{"start":{"line":121,"column":20},"end":{"line":121,"column":61}},"36":{"start":{"line":123,"column":19},"end":{"line":125,"column":9}},"37":{"start":{"line":127,"column":19},"end":{"line":127,"column":20}},"38":{"start":{"line":128,"column":4},"end":{"line":142,"column":15}},"39":{"start":{"line":132,"column":16},"end":{"line":132,"column":37}},"40":{"start":{"line":133,"column":16},"end":{"line":133,"column":38}},"41":{"start":{"line":137,"column":16},"end":{"line":137,"column":26}},"42":{"start":{"line":138,"column":16},"end":{"line":138,"column":35}},"43":{"start":{"line":144,"column":12},"end":{"line":149,"column":13}},"44":{"start":{"line":145,"column":24},"end":{"line":145,"column":74}},"45":{"start":{"line":145,"column":74},"end":{"line":145,"column":80}},"46":{"start":{"line":146,"column":24},"end":{"line":146,"column":42}},"47":{"start":{"line":146,"column":42},"end":{"line":146,"column":48}},"48":{"start":{"line":147,"column":26},"end":{"line":147,"column":42}},"49":{"start":{"line":147,"column":42},"end":{"line":147,"column":48}},"50":{"start":{"line":148,"column":26},"end":{"line":148,"column":40}},"51":{"start":{"line":148,"column":40},"end":{"line":148,"column":46}},"52":{"start":{"line":155,"column":8},"end":{"line":210,"column":10}}},"fnMap":{"0":{"name":"(anonymous_0)","decl":{"start":{"line":22,"column":4},"end":{"line":22,"column":5}},"loc":{"start":{"line":22,"column":22},"end":{"line":33,"column":5}},"line":22},"1":{"name":"(anonymous_1)","decl":{"start":{"line":36,"column":4},"end":{"line":36,"column":5}},"loc":{"start":{"line":36,"column":26},"end":{"line":40,"column":5}},"line":36},"2":{"name":"(anonymous_2)","decl":{"start":{"line":42,"column":4},"end":{"line":42,"column":5}},"loc":{"start":{"line":42,"column":26},"end":{"line":46,"column":5}},"line":42},"3":{"name":"(anonymous_3)","decl":{"start":{"line":50,"column":4},"end":{"line":50,"column":5}},"loc":{"start":{"line":50,"column":18},"end":{"line":53,"column":5}},"line":50},"4":{"name":"(anonymous_4)","decl":{"start":{"line":61,"column":0},"end":{"line":61,"column":1}},"loc":{"start":{"line":61,"column":16},"end":{"line":106,"column":5}},"line":61},"5":{"name":"(anonymous_5)","decl":{"start":{"line":75,"column":18},"end":{"line":75,"column":19}},"loc":{"start":{"line":75,"column":38},"end":{"line":79,"column":13}},"line":75},"6":{"name":"(anonymous_6)","decl":{"start":{"line":80,"column":19},"end":{"line":80,"column":20}},"loc":{"start":{"line":80,"column":36},"end":{"line":83,"column":13}},"line":80},"7":{"name":"(anonymous_7)","decl":{"start":{"line":84,"column":18},"end":{"line":84,"column":19}},"loc":{"start":{"line":84,"column":30},"end":{"line":86,"column":13}},"line":84},"8":{"name":"(anonymous_8)","decl":{"start":{"line":116,"column":0},"end":{"line":116,"column":1}},"loc":{"start":{"line":116,"column":19},"end":{"line":151,"column":5}},"line":116},"9":{"name":"(anonymous_9)","decl":{"start":{"line":129,"column":18},"end":{"line":129,"column":19}},"loc":{"start":{"line":129,"column":38},"end":{"line":134,"column":13}},"line":129},"10":{"name":"(anonymous_10)","decl":{"start":{"line":135,"column":19},"end":{"line":135,"column":20}},"loc":{"start":{"line":135,"column":36},"end":{"line":139,"column":13}},"line":135},"11":{"name":"(anonymous_11)","decl":{"start":{"line":140,"column":18},"end":{"line":140,"column":19}},"loc":{"start":{"line":140,"column":30},"end":{"line":142,"column":13}},"line":140},"12":{"name":"(anonymous_12)","decl":{"start":{"line":153,"column":4},"end":{"line":153,"column":5}},"loc":{"start":{"line":153,"column":13},"end":{"line":211,"column":5}},"line":153}},"branchMap":{"0":{"loc":{"start":{"line":88,"column":8},"end":{"line":99,"column":9}},"type":"switch","locations":[{"start":{"line":90,"column":12},"end":{"line":91,"column":82}},{"start":{"line":93,"column":12},"end":{"line":93,"column":51}},{"start":{"line":95,"column":12},"end":{"line":95,"column":49}},{"start":{"line":97,"column":12},"end":{"line":97,"column":60}},{"start":{"line":98,"column":12},"end":{"line":98,"column":42}}],"line":88},"1":{"loc":{"start":{"line":144,"column":12},"end":{"line":149,"column":13}},"type":"switch","locations":[{"start":{"line":145,"column":16},"end":{"line":145,"column":80}},{"start":{"line":146,"column":16},"end":{"line":146,"column":48}},{"start":{"line":147,"column":16},"end":{"line":147,"column":48}},{"start":{"line":148,"column":16},"end":{"line":148,"column":46}}],"line":144}},"s":{"0":1,"1":1,"2":1,"3":1,"4":1,"5":1,"6":1,"7":1,"8":1,"9":1,"10":0,"11":0,"12":0,"13":0,"14":0,"15":0,"16":0,"17":0,"18":0,"19":0,"20":0,"21":0,"22":0,"23":0,"24":0,"25":0,"26":0,"27":0,"28":0,"29":0,"30":0,"31":0,"32":0,"33":0,"34":0,"35":0,"36":0,"37":0,"38":0,"39":0,"40":0,"41":0,"42":0,"43":0,"44":0,"45":0,"46":0,"47":0,"48":0,"49":0,"50":0,"51":0,"52":1},"f":{"0":1,"1":0,"2":0,"3":0,"4":0,"5":0,"6":0,"7":0,"8":0,"9":0,"10":0,"11":0,"12":1},"b":{"0":[0,0,0,0,0],"1":[0,0,0,0]},"_coverageSchema":"43e27e138ebf9cfc5966b082cf9a028302ed4184","hash":"5bdddfd790c179e4de05eb69d877d27d513b324c"}
,"E:\\SE231-summer\\project\\PKBG_ARshotgame\\Component\\MainPage.js": {"path":"E:\\SE231-summer\\project\\PKBG_ARshotgame\\Component\\MainPage.js","statementMap":{"0":{"start":{"line":21,"column":8},"end":{"line":21,"column":21}},"1":{"start":{"line":22,"column":8},"end":{"line":24,"column":9}},"2":{"start":{"line":25,"column":8},"end":{"line":25,"column":53}},"3":{"start":{"line":26,"column":8},"end":{"line":26,"column":51}},"4":{"start":{"line":27,"column":8},"end":{"line":27,"column":41}},"5":{"start":{"line":28,"column":8},"end":{"line":28,"column":51}},"6":{"start":{"line":29,"column":8},"end":{"line":29,"column":41}},"7":{"start":{"line":34,"column":27},"end":{"line":34,"column":48}},"8":{"start":{"line":35,"column":8},"end":{"line":35,"column":17}},"9":{"start":{"line":47,"column":22},"end":{"line":47,"column":26}},"10":{"start":{"line":49,"column":20},"end":{"line":49,"column":58}},"11":{"start":{"line":51,"column":8},"end":{"line":53,"column":9}},"12":{"start":{"line":57,"column":19},"end":{"line":57,"column":21}},"13":{"start":{"line":58,"column":4},"end":{"line":73,"column":15}},"14":{"start":{"line":61,"column":16},"end":{"line":61,"column":42}},"15":{"start":{"line":62,"column":16},"end":{"line":62,"column":50}},"16":{"start":{"line":63,"column":16},"end":{"line":63,"column":54}},"17":{"start":{"line":64,"column":16},"end":{"line":64,"column":38}},"18":{"start":{"line":68,"column":16},"end":{"line":68,"column":26}},"19":{"start":{"line":69,"column":16},"end":{"line":69,"column":35}},"20":{"start":{"line":75,"column":8},"end":{"line":82,"column":9}},"21":{"start":{"line":76,"column":42},"end":{"line":76,"column":63}},"22":{"start":{"line":77,"column":20},"end":{"line":77,"column":124}},"23":{"start":{"line":78,"column":20},"end":{"line":78,"column":26}},"24":{"start":{"line":79,"column":21},"end":{"line":79,"column":42}},"25":{"start":{"line":79,"column":42},"end":{"line":79,"column":48}},"26":{"start":{"line":80,"column":21},"end":{"line":80,"column":37}},"27":{"start":{"line":80,"column":37},"end":{"line":80,"column":43}},"28":{"start":{"line":81,"column":22},"end":{"line":81,"column":36}},"29":{"start":{"line":81,"column":36},"end":{"line":81,"column":42}},"30":{"start":{"line":98,"column":29},"end":{"line":98,"column":50}},"31":{"start":{"line":99,"column":8},"end":{"line":99,"column":71}},"32":{"start":{"line":125,"column":8},"end":{"line":184,"column":10}},"33":{"start":{"line":189,"column":15},"end":{"line":217,"column":2}}},"fnMap":{"0":{"name":"(anonymous_0)","decl":{"start":{"line":20,"column":4},"end":{"line":20,"column":5}},"loc":{"start":{"line":20,"column":22},"end":{"line":30,"column":5}},"line":20},"1":{"name":"(anonymous_1)","decl":{"start":{"line":33,"column":4},"end":{"line":33,"column":5}},"loc":{"start":{"line":33,"column":10},"end":{"line":36,"column":5}},"line":33},"2":{"name":"(anonymous_2)","decl":{"start":{"line":45,"column":0},"end":{"line":45,"column":1}},"loc":{"start":{"line":45,"column":21},"end":{"line":88,"column":5}},"line":45},"3":{"name":"(anonymous_3)","decl":{"start":{"line":59,"column":18},"end":{"line":59,"column":19}},"loc":{"start":{"line":59,"column":38},"end":{"line":65,"column":13}},"line":59},"4":{"name":"(anonymous_4)","decl":{"start":{"line":66,"column":19},"end":{"line":66,"column":20}},"loc":{"start":{"line":66,"column":36},"end":{"line":70,"column":13}},"line":66},"5":{"name":"(anonymous_5)","decl":{"start":{"line":71,"column":18},"end":{"line":71,"column":19}},"loc":{"start":{"line":71,"column":30},"end":{"line":73,"column":13}},"line":71},"6":{"name":"(anonymous_6)","decl":{"start":{"line":97,"column":4},"end":{"line":97,"column":5}},"loc":{"start":{"line":97,"column":15},"end":{"line":100,"column":5}},"line":97},"7":{"name":"(anonymous_7)","decl":{"start":{"line":109,"column":4},"end":{"line":109,"column":5}},"loc":{"start":{"line":109,"column":15},"end":{"line":111,"column":5}},"line":109},"8":{"name":"(anonymous_8)","decl":{"start":{"line":120,"column":4},"end":{"line":120,"column":5}},"loc":{"start":{"line":120,"column":10},"end":{"line":122,"column":5}},"line":120},"9":{"name":"(anonymous_9)","decl":{"start":{"line":124,"column":4},"end":{"line":124,"column":5}},"loc":{"start":{"line":124,"column":13},"end":{"line":185,"column":5}},"line":124}},"branchMap":{"0":{"loc":{"start":{"line":75,"column":8},"end":{"line":82,"column":9}},"type":"switch","locations":[{"start":{"line":76,"column":12},"end":{"line":78,"column":26}},{"start":{"line":79,"column":12},"end":{"line":79,"column":48}},{"start":{"line":80,"column":12},"end":{"line":80,"column":43}},{"start":{"line":81,"column":12},"end":{"line":81,"column":42}}],"line":75}},"s":{"0":1,"1":1,"2":1,"3":1,"4":1,"5":1,"6":1,"7":0,"8":0,"9":0,"10":0,"11":0,"12":0,"13":0,"14":0,"15":0,"16":0,"17":0,"18":0,"19":0,"20":0,"21":0,"22":0,"23":0,"24":0,"25":0,"26":0,"27":0,"28":0,"29":0,"30":0,"31":0,"32":1,"33":1},"f":{"0":1,"1":0,"2":0,"3":0,"4":0,"5":0,"6":0,"7":0,"8":0,"9":1},"b":{"0":[0,0,0,0]},"_coverageSchema":"43e27e138ebf9cfc5966b082cf9a028302ed4184","hash":"6910c2044438b0455ae9c34e586d4667545e353f"}
,"E:\\SE231-summer\\project\\PKBG_ARshotgame\\Component\\Register.js": {"path":"E:\\SE231-summer\\project\\PKBG_ARshotgame\\Component\\Register.js","statementMap":{"0":{"start":{"line":26,"column":25},"end":{"line":26,"column":93}},"1":{"start":{"line":27,"column":25},"end":{"line":27,"column":122}},"2":{"start":{"line":30,"column":17},"end":{"line":30,"column":56}},"3":{"start":{"line":31,"column":17},"end":{"line":31,"column":79}},"4":{"start":{"line":32,"column":17},"end":{"line":32,"column":79}},"5":{"start":{"line":34,"column":28},"end":{"line":34,"column":48}},"6":{"start":{"line":35,"column":25},"end":{"line":35,"column":45}},"7":{"start":{"line":36,"column":25},"end":{"line":36,"column":46}},"8":{"start":{"line":39,"column":8},"end":{"line":57,"column":9}},"9":{"start":{"line":67,"column":8},"end":{"line":67,"column":21}},"10":{"start":{"line":68,"column":8},"end":{"line":74,"column":9}},"11":{"start":{"line":75,"column":8},"end":{"line":75,"column":67}},"12":{"start":{"line":76,"column":8},"end":{"line":76,"column":67}},"13":{"start":{"line":77,"column":8},"end":{"line":77,"column":81}},"14":{"start":{"line":78,"column":8},"end":{"line":78,"column":61}},"15":{"start":{"line":79,"column":8},"end":{"line":79,"column":69}},"16":{"start":{"line":80,"column":8},"end":{"line":80,"column":49}},"17":{"start":{"line":81,"column":8},"end":{"line":81,"column":55}},"18":{"start":{"line":85,"column":8},"end":{"line":87,"column":9}},"19":{"start":{"line":91,"column":8},"end":{"line":93,"column":9}},"20":{"start":{"line":97,"column":8},"end":{"line":99,"column":9}},"21":{"start":{"line":103,"column":8},"end":{"line":105,"column":9}},"22":{"start":{"line":109,"column":8},"end":{"line":111,"column":9}},"23":{"start":{"line":122,"column":22},"end":{"line":122,"column":26}},"24":{"start":{"line":125,"column":25},"end":{"line":125,"column":93}},"25":{"start":{"line":126,"column":25},"end":{"line":126,"column":122}},"26":{"start":{"line":129,"column":17},"end":{"line":129,"column":104}},"27":{"start":{"line":130,"column":17},"end":{"line":130,"column":50}},"28":{"start":{"line":131,"column":17},"end":{"line":131,"column":54}},"29":{"start":{"line":133,"column":8},"end":{"line":136,"column":9}},"30":{"start":{"line":134,"column":12},"end":{"line":134,"column":31}},"31":{"start":{"line":135,"column":12},"end":{"line":135,"column":19}},"32":{"start":{"line":138,"column":20},"end":{"line":138,"column":60}},"33":{"start":{"line":140,"column":8},"end":{"line":145,"column":9}},"34":{"start":{"line":147,"column":19},"end":{"line":147,"column":21}},"35":{"start":{"line":148,"column":4},"end":{"line":162,"column":15}},"36":{"start":{"line":151,"column":16},"end":{"line":151,"column":32}},"37":{"start":{"line":152,"column":16},"end":{"line":152,"column":33}},"38":{"start":{"line":156,"column":16},"end":{"line":156,"column":26}},"39":{"start":{"line":158,"column":16},"end":{"line":158,"column":35}},"40":{"start":{"line":164,"column":8},"end":{"line":178,"column":9}},"41":{"start":{"line":166,"column":16},"end":{"line":166,"column":50}},"42":{"start":{"line":167,"column":16},"end":{"line":167,"column":35}},"43":{"start":{"line":168,"column":16},"end":{"line":168,"column":22}},"44":{"start":{"line":170,"column":16},"end":{"line":170,"column":54}},"45":{"start":{"line":171,"column":16},"end":{"line":171,"column":22}},"46":{"start":{"line":173,"column":16},"end":{"line":173,"column":36}},"47":{"start":{"line":174,"column":16},"end":{"line":174,"column":22}},"48":{"start":{"line":176,"column":16},"end":{"line":176,"column":30}},"49":{"start":{"line":177,"column":16},"end":{"line":177,"column":22}},"50":{"start":{"line":195,"column":27},"end":{"line":195,"column":48}},"51":{"start":{"line":196,"column":8},"end":{"line":196,"column":17}},"52":{"start":{"line":202,"column":8},"end":{"line":294,"column":10}},"53":{"start":{"line":299,"column":15},"end":{"line":321,"column":2}}},"fnMap":{"0":{"name":"(anonymous_0)","decl":{"start":{"line":24,"column":4},"end":{"line":24,"column":5}},"loc":{"start":{"line":24,"column":12},"end":{"line":59,"column":5}},"line":24},"1":{"name":"(anonymous_1)","decl":{"start":{"line":66,"column":4},"end":{"line":66,"column":5}},"loc":{"start":{"line":66,"column":22},"end":{"line":82,"column":5}},"line":66},"2":{"name":"(anonymous_2)","decl":{"start":{"line":84,"column":4},"end":{"line":84,"column":5}},"loc":{"start":{"line":84,"column":26},"end":{"line":88,"column":5}},"line":84},"3":{"name":"(anonymous_3)","decl":{"start":{"line":90,"column":4},"end":{"line":90,"column":5}},"loc":{"start":{"line":90,"column":26},"end":{"line":94,"column":5}},"line":90},"4":{"name":"(anonymous_4)","decl":{"start":{"line":96,"column":4},"end":{"line":96,"column":5}},"loc":{"start":{"line":96,"column":33},"end":{"line":100,"column":5}},"line":96},"5":{"name":"(anonymous_5)","decl":{"start":{"line":102,"column":4},"end":{"line":102,"column":5}},"loc":{"start":{"line":102,"column":23},"end":{"line":106,"column":5}},"line":102},"6":{"name":"(anonymous_6)","decl":{"start":{"line":108,"column":4},"end":{"line":108,"column":5}},"loc":{"start":{"line":108,"column":27},"end":{"line":112,"column":5}},"line":108},"7":{"name":"(anonymous_7)","decl":{"start":{"line":121,"column":0},"end":{"line":121,"column":1}},"loc":{"start":{"line":121,"column":18},"end":{"line":192,"column":5}},"line":121},"8":{"name":"(anonymous_8)","decl":{"start":{"line":149,"column":18},"end":{"line":149,"column":19}},"loc":{"start":{"line":149,"column":33},"end":{"line":153,"column":13}},"line":149},"9":{"name":"(anonymous_9)","decl":{"start":{"line":154,"column":19},"end":{"line":154,"column":20}},"loc":{"start":{"line":154,"column":36},"end":{"line":159,"column":13}},"line":154},"10":{"name":"(anonymous_10)","decl":{"start":{"line":160,"column":18},"end":{"line":160,"column":19}},"loc":{"start":{"line":160,"column":30},"end":{"line":162,"column":13}},"line":160},"11":{"name":"(anonymous_11)","decl":{"start":{"line":194,"column":4},"end":{"line":194,"column":5}},"loc":{"start":{"line":194,"column":17},"end":{"line":197,"column":5}},"line":194},"12":{"name":"(anonymous_12)","decl":{"start":{"line":200,"column":4},"end":{"line":200,"column":5}},"loc":{"start":{"line":200,"column":13},"end":{"line":295,"column":5}},"line":200}},"branchMap":{"0":{"loc":{"start":{"line":31,"column":17},"end":{"line":31,"column":79}},"type":"binary-expr","locations":[{"start":{"line":31,"column":17},"end":{"line":31,"column":50}},{"start":{"line":31,"column":55},"end":{"line":31,"column":78}}],"line":31},"1":{"loc":{"start":{"line":32,"column":17},"end":{"line":32,"column":79}},"type":"binary-expr","locations":[{"start":{"line":32,"column":17},"end":{"line":32,"column":50}},{"start":{"line":32,"column":55},"end":{"line":32,"column":78}}],"line":32},"2":{"loc":{"start":{"line":34,"column":28},"end":{"line":34,"column":48}},"type":"cond-expr","locations":[{"start":{"line":34,"column":33},"end":{"line":34,"column":35}},{"start":{"line":34,"column":38},"end":{"line":34,"column":48}}],"line":34},"3":{"loc":{"start":{"line":35,"column":25},"end":{"line":35,"column":45}},"type":"cond-expr","locations":[{"start":{"line":35,"column":30},"end":{"line":35,"column":32}},{"start":{"line":35,"column":35},"end":{"line":35,"column":45}}],"line":35},"4":{"loc":{"start":{"line":36,"column":25},"end":{"line":36,"column":46}},"type":"cond-expr","locations":[{"start":{"line":36,"column":30},"end":{"line":36,"column":32}},{"start":{"line":36,"column":35},"end":{"line":36,"column":46}}],"line":36},"5":{"loc":{"start":{"line":129,"column":17},"end":{"line":129,"column":104}},"type":"binary-expr","locations":[{"start":{"line":129,"column":17},"end":{"line":129,"column":73}},{"start":{"line":129,"column":77},"end":{"line":129,"column":104}}],"line":129},"6":{"loc":{"start":{"line":133,"column":8},"end":{"line":136,"column":9}},"type":"if","locations":[{"start":{"line":133,"column":8},"end":{"line":136,"column":9}},{"start":{"line":133,"column":8},"end":{"line":136,"column":9}}],"line":133},"7":{"loc":{"start":{"line":133,"column":13},"end":{"line":133,"column":27}},"type":"binary-expr","locations":[{"start":{"line":133,"column":13},"end":{"line":133,"column":15}},{"start":{"line":133,"column":19},"end":{"line":133,"column":21}},{"start":{"line":133,"column":25},"end":{"line":133,"column":27}}],"line":133},"8":{"loc":{"start":{"line":164,"column":8},"end":{"line":178,"column":9}},"type":"switch","locations":[{"start":{"line":165,"column":12},"end":{"line":168,"column":22}},{"start":{"line":169,"column":12},"end":{"line":171,"column":22}},{"start":{"line":172,"column":12},"end":{"line":174,"column":22}},{"start":{"line":175,"column":12},"end":{"line":177,"column":22}}],"line":164}},"s":{"0":2,"1":2,"2":2,"3":2,"4":2,"5":2,"6":2,"7":2,"8":2,"9":1,"10":1,"11":1,"12":1,"13":1,"14":1,"15":1,"16":1,"17":1,"18":0,"19":0,"20":0,"21":0,"22":0,"23":0,"24":0,"25":0,"26":0,"27":0,"28":0,"29":0,"30":0,"31":0,"32":0,"33":0,"34":0,"35":0,"36":0,"37":0,"38":0,"39":0,"40":0,"41":0,"42":0,"43":0,"44":0,"45":0,"46":0,"47":0,"48":0,"49":0,"50":0,"51":0,"52":1,"53":1},"f":{"0":2,"1":1,"2":0,"3":0,"4":0,"5":0,"6":0,"7":0,"8":0,"9":0,"10":0,"11":0,"12":1},"b":{"0":[2,2],"1":[2,2],"2":[2,0],"3":[2,0],"4":[2,0],"5":[0,0],"6":[0,0],"7":[0,0,0],"8":[0,0,0,0]},"_coverageSchema":"43e27e138ebf9cfc5966b082cf9a028302ed4184","hash":"e9021b460c393c70f0120bfa10c4fe1b6239a201"}
,"E:\\SE231-summer\\project\\PKBG_ARshotgame\\Component\\Room.js": {"path":"E:\\SE231-summer\\project\\PKBG_ARshotgame\\Component\\Room.js","statementMap":{"0":{"start":{"line":19,"column":23},"end":{"line":19,"column":47}},"1":{"start":{"line":35,"column":19},"end":{"line":35,"column":20}},"2":{"start":{"line":35,"column":31},"end":{"line":35,"column":32}},"3":{"start":{"line":35,"column":45},"end":{"line":35,"column":46}},"4":{"start":{"line":35,"column":64},"end":{"line":35,"column":65}},"5":{"start":{"line":35,"column":83},"end":{"line":35,"column":84}},"6":{"start":{"line":35,"column":106},"end":{"line":35,"column":107}},"7":{"start":{"line":35,"column":129},"end":{"line":35,"column":130}},"8":{"start":{"line":35,"column":151},"end":{"line":35,"column":152}},"9":{"start":{"line":35,"column":168},"end":{"line":35,"column":169}},"10":{"start":{"line":37,"column":16},"end":{"line":37,"column":18}},"11":{"start":{"line":37,"column":27},"end":{"line":37,"column":29}},"12":{"start":{"line":39,"column":15},"end":{"line":39,"column":16}},"13":{"start":{"line":39,"column":28},"end":{"line":39,"column":29}},"14":{"start":{"line":45,"column":8},"end":{"line":45,"column":21}},"15":{"start":{"line":46,"column":8},"end":{"line":55,"column":9}},"16":{"start":{"line":58,"column":8},"end":{"line":58,"column":92}},"17":{"start":{"line":60,"column":8},"end":{"line":60,"column":65}},"18":{"start":{"line":61,"column":8},"end":{"line":61,"column":61}},"19":{"start":{"line":62,"column":8},"end":{"line":62,"column":51}},"20":{"start":{"line":63,"column":8},"end":{"line":63,"column":43}},"21":{"start":{"line":64,"column":8},"end":{"line":64,"column":47}},"22":{"start":{"line":65,"column":8},"end":{"line":65,"column":49}},"23":{"start":{"line":66,"column":8},"end":{"line":66,"column":51}},"24":{"start":{"line":67,"column":8},"end":{"line":67,"column":53}},"25":{"start":{"line":71,"column":8},"end":{"line":71,"column":32}},"26":{"start":{"line":89,"column":8},"end":{"line":97,"column":10}},"27":{"start":{"line":92,"column":12},"end":{"line":96,"column":13}},"28":{"start":{"line":99,"column":8},"end":{"line":267,"column":10}},"29":{"start":{"line":101,"column":8},"end":{"line":101,"column":55}},"30":{"start":{"line":101,"column":48},"end":{"line":101,"column":55}},"31":{"start":{"line":102,"column":8},"end":{"line":102,"column":28}},"32":{"start":{"line":103,"column":18},"end":{"line":103,"column":36}},"33":{"start":{"line":104,"column":8},"end":{"line":104,"column":19}},"34":{"start":{"line":105,"column":8},"end":{"line":266,"column":9}},"35":{"start":{"line":108,"column":16},"end":{"line":108,"column":33}},"36":{"start":{"line":109,"column":16},"end":{"line":109,"column":33}},"37":{"start":{"line":109,"column":33},"end":{"line":109,"column":39}},"38":{"start":{"line":113,"column":33},"end":{"line":113,"column":45}},"39":{"start":{"line":114,"column":33},"end":{"line":114,"column":51}},"40":{"start":{"line":115,"column":16},"end":{"line":121,"column":17}},"41":{"start":{"line":116,"column":20},"end":{"line":119,"column":21}},"42":{"start":{"line":117,"column":24},"end":{"line":117,"column":49}},"43":{"start":{"line":118,"column":24},"end":{"line":118,"column":31}},"44":{"start":{"line":123,"column":16},"end":{"line":125,"column":17}},"45":{"start":{"line":126,"column":16},"end":{"line":126,"column":22}},"46":{"start":{"line":130,"column":33},"end":{"line":130,"column":45}},"47":{"start":{"line":131,"column":33},"end":{"line":131,"column":51}},"48":{"start":{"line":132,"column":16},"end":{"line":138,"column":17}},"49":{"start":{"line":133,"column":20},"end":{"line":136,"column":21}},"50":{"start":{"line":134,"column":24},"end":{"line":134,"column":49}},"51":{"start":{"line":135,"column":24},"end":{"line":135,"column":31}},"52":{"start":{"line":140,"column":16},"end":{"line":142,"column":17}},"53":{"start":{"line":143,"column":16},"end":{"line":143,"column":22}},"54":{"start":{"line":148,"column":33},"end":{"line":148,"column":45}},"55":{"start":{"line":149,"column":36},"end":{"line":149,"column":48}},"56":{"start":{"line":150,"column":33},"end":{"line":150,"column":51}},"57":{"start":{"line":153,"column":16},"end":{"line":159,"column":17}},"58":{"start":{"line":153,"column":28},"end":{"line":153,"column":29}},"59":{"start":{"line":154,"column":20},"end":{"line":158,"column":21}},"60":{"start":{"line":156,"column":24},"end":{"line":156,"column":47}},"61":{"start":{"line":157,"column":24},"end":{"line":157,"column":30}},"62":{"start":{"line":160,"column":16},"end":{"line":165,"column":17}},"63":{"start":{"line":166,"column":16},"end":{"line":166,"column":22}},"64":{"start":{"line":170,"column":33},"end":{"line":170,"column":45}},"65":{"start":{"line":171,"column":33},"end":{"line":171,"column":51}},"66":{"start":{"line":173,"column":16},"end":{"line":179,"column":17}},"67":{"start":{"line":173,"column":28},"end":{"line":173,"column":29}},"68":{"start":{"line":174,"column":20},"end":{"line":178,"column":21}},"69":{"start":{"line":176,"column":24},"end":{"line":176,"column":47}},"70":{"start":{"line":177,"column":24},"end":{"line":177,"column":30}},"71":{"start":{"line":180,"column":16},"end":{"line":184,"column":17}},"72":{"start":{"line":185,"column":16},"end":{"line":185,"column":22}},"73":{"start":{"line":189,"column":33},"end":{"line":189,"column":45}},"74":{"start":{"line":190,"column":33},"end":{"line":190,"column":51}},"75":{"start":{"line":191,"column":16},"end":{"line":197,"column":17}},"76":{"start":{"line":192,"column":20},"end":{"line":195,"column":21}},"77":{"start":{"line":193,"column":24},"end":{"line":193,"column":52}},"78":{"start":{"line":194,"column":24},"end":{"line":194,"column":31}},"79":{"start":{"line":199,"column":16},"end":{"line":201,"column":17}},"80":{"start":{"line":202,"column":16},"end":{"line":202,"column":22}},"81":{"start":{"line":206,"column":33},"end":{"line":206,"column":45}},"82":{"start":{"line":207,"column":33},"end":{"line":207,"column":51}},"83":{"start":{"line":208,"column":16},"end":{"line":214,"column":17}},"84":{"start":{"line":209,"column":20},"end":{"line":212,"column":21}},"85":{"start":{"line":210,"column":24},"end":{"line":210,"column":52}},"86":{"start":{"line":211,"column":24},"end":{"line":211,"column":31}},"87":{"start":{"line":216,"column":16},"end":{"line":218,"column":17}},"88":{"start":{"line":219,"column":16},"end":{"line":219,"column":22}},"89":{"start":{"line":223,"column":32},"end":{"line":227,"column":17}},"90":{"start":{"line":228,"column":33},"end":{"line":228,"column":51}},"91":{"start":{"line":229,"column":16},"end":{"line":229,"column":43}},"92":{"start":{"line":231,"column":16},"end":{"line":233,"column":17}},"93":{"start":{"line":234,"column":16},"end":{"line":234,"column":22}},"94":{"start":{"line":239,"column":33},"end":{"line":239,"column":44}},"95":{"start":{"line":241,"column":16},"end":{"line":246,"column":17}},"96":{"start":{"line":247,"column":16},"end":{"line":247,"column":22}},"97":{"start":{"line":251,"column":16},"end":{"line":251,"column":35}},"98":{"start":{"line":252,"column":16},"end":{"line":252,"column":38}},"99":{"start":{"line":253,"column":16},"end":{"line":253,"column":22}},"100":{"start":{"line":257,"column":16},"end":{"line":257,"column":36}},"101":{"start":{"line":258,"column":16},"end":{"line":258,"column":38}},"102":{"start":{"line":259,"column":16},"end":{"line":259,"column":22}},"103":{"start":{"line":263,"column":16},"end":{"line":263,"column":45}},"104":{"start":{"line":264,"column":16},"end":{"line":264,"column":22}},"105":{"start":{"line":269,"column":8},"end":{"line":272,"column":10}},"106":{"start":{"line":271,"column":8},"end":{"line":271,"column":31}},"107":{"start":{"line":274,"column":8},"end":{"line":277,"column":10}},"108":{"start":{"line":276,"column":8},"end":{"line":276,"column":38}},"109":{"start":{"line":283,"column":8},"end":{"line":283,"column":24}},"110":{"start":{"line":284,"column":8},"end":{"line":286,"column":11}},"111":{"start":{"line":287,"column":27},"end":{"line":287,"column":48}},"112":{"start":{"line":288,"column":8},"end":{"line":288,"column":17}},"113":{"start":{"line":293,"column":8},"end":{"line":293,"column":24}},"114":{"start":{"line":294,"column":8},"end":{"line":296,"column":11}},"115":{"start":{"line":297,"column":29},"end":{"line":297,"column":50}},"116":{"start":{"line":298,"column":8},"end":{"line":298,"column":27}},"117":{"start":{"line":308,"column":19},"end":{"line":308,"column":20}},"118":{"start":{"line":309,"column":8},"end":{"line":312,"column":9}},"119":{"start":{"line":310,"column":12},"end":{"line":310,"column":70}},"120":{"start":{"line":310,"column":33},"end":{"line":310,"column":50}},"121":{"start":{"line":310,"column":51},"end":{"line":310,"column":60}},"122":{"start":{"line":310,"column":61},"end":{"line":310,"column":68}},"123":{"start":{"line":315,"column":8},"end":{"line":329,"column":9}},"124":{"start":{"line":320,"column":23},"end":{"line":323,"column":13}},"125":{"start":{"line":325,"column":12},"end":{"line":328,"column":13}},"126":{"start":{"line":326,"column":16},"end":{"line":326,"column":51}},"127":{"start":{"line":341,"column":8},"end":{"line":366,"column":9}},"128":{"start":{"line":351,"column":18},"end":{"line":354,"column":9}},"129":{"start":{"line":356,"column":8},"end":{"line":359,"column":9}},"130":{"start":{"line":357,"column":12},"end":{"line":357,"column":47}},"131":{"start":{"line":361,"column":8},"end":{"line":365,"column":9}},"132":{"start":{"line":377,"column":8},"end":{"line":400,"column":9}},"133":{"start":{"line":385,"column":18},"end":{"line":388,"column":9}},"134":{"start":{"line":390,"column":8},"end":{"line":393,"column":9}},"135":{"start":{"line":391,"column":12},"end":{"line":391,"column":47}},"136":{"start":{"line":395,"column":8},"end":{"line":399,"column":9}},"137":{"start":{"line":411,"column":8},"end":{"line":445,"column":9}},"138":{"start":{"line":413,"column":22},"end":{"line":416,"column":13}},"139":{"start":{"line":418,"column":12},"end":{"line":421,"column":13}},"140":{"start":{"line":419,"column":16},"end":{"line":419,"column":51}},"141":{"start":{"line":423,"column":12},"end":{"line":427,"column":13}},"142":{"start":{"line":430,"column":22},"end":{"line":433,"column":13}},"143":{"start":{"line":435,"column":12},"end":{"line":438,"column":13}},"144":{"start":{"line":436,"column":16},"end":{"line":436,"column":51}},"145":{"start":{"line":440,"column":12},"end":{"line":444,"column":13}},"146":{"start":{"line":458,"column":8},"end":{"line":499,"column":9}},"147":{"start":{"line":463,"column":23},"end":{"line":466,"column":13}},"148":{"start":{"line":468,"column":12},"end":{"line":471,"column":13}},"149":{"start":{"line":469,"column":16},"end":{"line":469,"column":51}},"150":{"start":{"line":473,"column":12},"end":{"line":473,"column":34}},"151":{"start":{"line":483,"column":22},"end":{"line":486,"column":13}},"152":{"start":{"line":488,"column":12},"end":{"line":491,"column":13}},"153":{"start":{"line":489,"column":16},"end":{"line":489,"column":51}},"154":{"start":{"line":493,"column":12},"end":{"line":497,"column":13}},"155":{"start":{"line":498,"column":12},"end":{"line":498,"column":34}},"156":{"start":{"line":504,"column":8},"end":{"line":514,"column":13}},"157":{"start":{"line":505,"column":12},"end":{"line":514,"column":13}},"158":{"start":{"line":516,"column":22},"end":{"line":516,"column":24}},"159":{"start":{"line":517,"column":22},"end":{"line":517,"column":24}},"160":{"start":{"line":519,"column":18},"end":{"line":519,"column":51}},"161":{"start":{"line":521,"column":8},"end":{"line":532,"column":9}},"162":{"start":{"line":522,"column":12},"end":{"line":525,"column":13}},"163":{"start":{"line":523,"column":16},"end":{"line":523,"column":74}},"164":{"start":{"line":523,"column":40},"end":{"line":523,"column":74}},"165":{"start":{"line":524,"column":16},"end":{"line":524,"column":77}},"166":{"start":{"line":524,"column":41},"end":{"line":524,"column":77}},"167":{"start":{"line":527,"column":12},"end":{"line":530,"column":13}},"168":{"start":{"line":528,"column":16},"end":{"line":528,"column":74}},"169":{"start":{"line":528,"column":40},"end":{"line":528,"column":74}},"170":{"start":{"line":529,"column":16},"end":{"line":529,"column":77}},"171":{"start":{"line":529,"column":41},"end":{"line":529,"column":77}},"172":{"start":{"line":534,"column":27},"end":{"line":545,"column":67}},"173":{"start":{"line":547,"column":29},"end":{"line":553,"column":58}},"174":{"start":{"line":555,"column":8},"end":{"line":641,"column":10}},"175":{"start":{"line":616,"column":63},"end":{"line":616,"column":75}},"176":{"start":{"line":619,"column":62},"end":{"line":619,"column":120}},"177":{"start":{"line":628,"column":63},"end":{"line":628,"column":75}},"178":{"start":{"line":631,"column":62},"end":{"line":631,"column":120}},"179":{"start":{"line":644,"column":20},"end":{"line":644,"column":49}},"180":{"start":{"line":644,"column":37},"end":{"line":644,"column":49}},"181":{"start":{"line":646,"column":29},"end":{"line":648,"column":5}},"182":{"start":{"line":647,"column":8},"end":{"line":647,"column":59}},"183":{"start":{"line":650,"column":29},"end":{"line":658,"column":5}},"184":{"start":{"line":651,"column":8},"end":{"line":657,"column":10}},"185":{"start":{"line":660,"column":18},"end":{"line":667,"column":5}},"186":{"start":{"line":661,"column":18},"end":{"line":661,"column":22}},"187":{"start":{"line":662,"column":8},"end":{"line":666,"column":9}},"188":{"start":{"line":669,"column":27},"end":{"line":676,"column":5}},"189":{"start":{"line":670,"column":18},"end":{"line":670,"column":42}},"190":{"start":{"line":671,"column":8},"end":{"line":675,"column":9}},"191":{"start":{"line":679,"column":15},"end":{"line":738,"column":2}}},"fnMap":{"0":{"name":"(anonymous_0)","decl":{"start":{"line":44,"column":4},"end":{"line":44,"column":5}},"loc":{"start":{"line":44,"column":22},"end":{"line":68,"column":5}},"line":44},"1":{"name":"(anonymous_1)","decl":{"start":{"line":70,"column":4},"end":{"line":70,"column":5}},"loc":{"start":{"line":70,"column":23},"end":{"line":72,"column":5}},"line":70},"2":{"name":"(anonymous_2)","decl":{"start":{"line":85,"column":4},"end":{"line":85,"column":5}},"loc":{"start":{"line":85,"column":22},"end":{"line":279,"column":5}},"line":85},"3":{"name":"(anonymous_3)","decl":{"start":{"line":89,"column":25},"end":{"line":89,"column":26}},"loc":{"start":{"line":89,"column":31},"end":{"line":97,"column":9}},"line":89},"4":{"name":"(anonymous_4)","decl":{"start":{"line":99,"column":28},"end":{"line":99,"column":29}},"loc":{"start":{"line":99,"column":35},"end":{"line":267,"column":9}},"line":99},"5":{"name":"(anonymous_5)","decl":{"start":{"line":115,"column":36},"end":{"line":115,"column":37}},"loc":{"start":{"line":115,"column":48},"end":{"line":120,"column":17}},"line":115},"6":{"name":"(anonymous_6)","decl":{"start":{"line":132,"column":36},"end":{"line":132,"column":37}},"loc":{"start":{"line":132,"column":48},"end":{"line":137,"column":17}},"line":132},"7":{"name":"(anonymous_7)","decl":{"start":{"line":191,"column":36},"end":{"line":191,"column":37}},"loc":{"start":{"line":191,"column":48},"end":{"line":196,"column":17}},"line":191},"8":{"name":"(anonymous_8)","decl":{"start":{"line":208,"column":36},"end":{"line":208,"column":37}},"loc":{"start":{"line":208,"column":48},"end":{"line":213,"column":17}},"line":208},"9":{"name":"(anonymous_9)","decl":{"start":{"line":269,"column":26},"end":{"line":269,"column":27}},"loc":{"start":{"line":269,"column":33},"end":{"line":272,"column":9}},"line":269},"10":{"name":"(anonymous_10)","decl":{"start":{"line":274,"column":26},"end":{"line":274,"column":27}},"loc":{"start":{"line":274,"column":33},"end":{"line":277,"column":9}},"line":274},"11":{"name":"(anonymous_11)","decl":{"start":{"line":282,"column":4},"end":{"line":282,"column":5}},"loc":{"start":{"line":282,"column":20},"end":{"line":289,"column":5}},"line":282},"12":{"name":"(anonymous_12)","decl":{"start":{"line":292,"column":4},"end":{"line":292,"column":5}},"loc":{"start":{"line":292,"column":15},"end":{"line":299,"column":5}},"line":292},"13":{"name":"(anonymous_13)","decl":{"start":{"line":307,"column":4},"end":{"line":307,"column":5}},"loc":{"start":{"line":307,"column":15},"end":{"line":332,"column":5}},"line":307},"14":{"name":"(anonymous_14)","decl":{"start":{"line":309,"column":24},"end":{"line":309,"column":25}},"loc":{"start":{"line":309,"column":36},"end":{"line":311,"column":9}},"line":309},"15":{"name":"(anonymous_15)","decl":{"start":{"line":340,"column":4},"end":{"line":340,"column":5}},"loc":{"start":{"line":340,"column":11},"end":{"line":368,"column":5}},"line":340},"16":{"name":"(anonymous_16)","decl":{"start":{"line":376,"column":4},"end":{"line":376,"column":5}},"loc":{"start":{"line":376,"column":13},"end":{"line":401,"column":5}},"line":376},"17":{"name":"(anonymous_17)","decl":{"start":{"line":409,"column":4},"end":{"line":409,"column":5}},"loc":{"start":{"line":409,"column":16},"end":{"line":446,"column":5}},"line":409},"18":{"name":"(anonymous_18)","decl":{"start":{"line":456,"column":4},"end":{"line":456,"column":5}},"loc":{"start":{"line":456,"column":14},"end":{"line":500,"column":5}},"line":456},"19":{"name":"(anonymous_19)","decl":{"start":{"line":502,"column":4},"end":{"line":502,"column":5}},"loc":{"start":{"line":502,"column":13},"end":{"line":642,"column":5}},"line":502},"20":{"name":"(anonymous_20)","decl":{"start":{"line":521,"column":35},"end":{"line":521,"column":36}},"loc":{"start":{"line":521,"column":46},"end":{"line":531,"column":9}},"line":521},"21":{"name":"(anonymous_21)","decl":{"start":{"line":616,"column":46},"end":{"line":616,"column":47}},"loc":{"start":{"line":616,"column":63},"end":{"line":616,"column":75}},"line":616},"22":{"name":"(anonymous_22)","decl":{"start":{"line":619,"column":56},"end":{"line":619,"column":57}},"loc":{"start":{"line":619,"column":62},"end":{"line":619,"column":120}},"line":619},"23":{"name":"(anonymous_23)","decl":{"start":{"line":628,"column":46},"end":{"line":628,"column":47}},"loc":{"start":{"line":628,"column":63},"end":{"line":628,"column":75}},"line":628},"24":{"name":"(anonymous_24)","decl":{"start":{"line":631,"column":56},"end":{"line":631,"column":57}},"loc":{"start":{"line":631,"column":62},"end":{"line":631,"column":120}},"line":631},"25":{"name":"(anonymous_25)","decl":{"start":{"line":644,"column":20},"end":{"line":644,"column":21}},"loc":{"start":{"line":644,"column":37},"end":{"line":644,"column":49}},"line":644},"26":{"name":"(anonymous_26)","decl":{"start":{"line":646,"column":29},"end":{"line":646,"column":30}},"loc":{"start":{"line":647,"column":8},"end":{"line":647,"column":59}},"line":647},"27":{"name":"(anonymous_27)","decl":{"start":{"line":650,"column":29},"end":{"line":650,"column":30}},"loc":{"start":{"line":651,"column":8},"end":{"line":657,"column":10}},"line":651},"28":{"name":"(anonymous_28)","decl":{"start":{"line":660,"column":18},"end":{"line":660,"column":19}},"loc":{"start":{"line":660,"column":30},"end":{"line":667,"column":5}},"line":660},"29":{"name":"(anonymous_29)","decl":{"start":{"line":669,"column":27},"end":{"line":669,"column":28}},"loc":{"start":{"line":669,"column":42},"end":{"line":676,"column":5}},"line":669}},"branchMap":{"0":{"loc":{"start":{"line":101,"column":8},"end":{"line":101,"column":55}},"type":"if","locations":[{"start":{"line":101,"column":8},"end":{"line":101,"column":55}},{"start":{"line":101,"column":8},"end":{"line":101,"column":55}}],"line":101},"1":{"loc":{"start":{"line":105,"column":8},"end":{"line":266,"column":9}},"type":"switch","locations":[{"start":{"line":107,"column":12},"end":{"line":110,"column":13}},{"start":{"line":112,"column":12},"end":{"line":127,"column":13}},{"start":{"line":129,"column":12},"end":{"line":144,"column":13}},{"start":{"line":147,"column":12},"end":{"line":167,"column":13}},{"start":{"line":169,"column":12},"end":{"line":186,"column":13}},{"start":{"line":188,"column":12},"end":{"line":203,"column":13}},{"start":{"line":205,"column":12},"end":{"line":220,"column":13}},{"start":{"line":222,"column":12},"end":{"line":235,"column":13}},{"start":{"line":237,"column":12},"end":{"line":248,"column":13}},{"start":{"line":250,"column":12},"end":{"line":254,"column":13}},{"start":{"line":256,"column":12},"end":{"line":260,"column":13}},{"start":{"line":262,"column":12},"end":{"line":265,"column":13}}],"line":105},"2":{"loc":{"start":{"line":116,"column":20},"end":{"line":119,"column":21}},"type":"if","locations":[{"start":{"line":116,"column":20},"end":{"line":119,"column":21}},{"start":{"line":116,"column":20},"end":{"line":119,"column":21}}],"line":116},"3":{"loc":{"start":{"line":133,"column":20},"end":{"line":136,"column":21}},"type":"if","locations":[{"start":{"line":133,"column":20},"end":{"line":136,"column":21}},{"start":{"line":133,"column":20},"end":{"line":136,"column":21}}],"line":133},"4":{"loc":{"start":{"line":154,"column":20},"end":{"line":158,"column":21}},"type":"if","locations":[{"start":{"line":154,"column":20},"end":{"line":158,"column":21}},{"start":{"line":154,"column":20},"end":{"line":158,"column":21}}],"line":154},"5":{"loc":{"start":{"line":174,"column":20},"end":{"line":178,"column":21}},"type":"if","locations":[{"start":{"line":174,"column":20},"end":{"line":178,"column":21}},{"start":{"line":174,"column":20},"end":{"line":178,"column":21}}],"line":174},"6":{"loc":{"start":{"line":192,"column":20},"end":{"line":195,"column":21}},"type":"if","locations":[{"start":{"line":192,"column":20},"end":{"line":195,"column":21}},{"start":{"line":192,"column":20},"end":{"line":195,"column":21}}],"line":192},"7":{"loc":{"start":{"line":209,"column":20},"end":{"line":212,"column":21}},"type":"if","locations":[{"start":{"line":209,"column":20},"end":{"line":212,"column":21}},{"start":{"line":209,"column":20},"end":{"line":212,"column":21}}],"line":209},"8":{"loc":{"start":{"line":243,"column":31},"end":{"line":243,"column":68}},"type":"cond-expr","locations":[{"start":{"line":243,"column":53},"end":{"line":243,"column":59}},{"start":{"line":243,"column":62},"end":{"line":243,"column":68}}],"line":243},"9":{"loc":{"start":{"line":310,"column":12},"end":{"line":310,"column":70}},"type":"if","locations":[{"start":{"line":310,"column":12},"end":{"line":310,"column":70}},{"start":{"line":310,"column":12},"end":{"line":310,"column":70}}],"line":310},"10":{"loc":{"start":{"line":315,"column":8},"end":{"line":329,"column":9}},"type":"if","locations":[{"start":{"line":315,"column":8},"end":{"line":329,"column":9}},{"start":{"line":315,"column":8},"end":{"line":329,"column":9}}],"line":315},"11":{"loc":{"start":{"line":325,"column":12},"end":{"line":328,"column":13}},"type":"if","locations":[{"start":{"line":325,"column":12},"end":{"line":328,"column":13}},{"start":{"line":325,"column":12},"end":{"line":328,"column":13}}],"line":325},"12":{"loc":{"start":{"line":341,"column":8},"end":{"line":366,"column":9}},"type":"if","locations":[{"start":{"line":341,"column":8},"end":{"line":366,"column":9}},{"start":{"line":341,"column":8},"end":{"line":366,"column":9}}],"line":341},"13":{"loc":{"start":{"line":356,"column":8},"end":{"line":359,"column":9}},"type":"if","locations":[{"start":{"line":356,"column":8},"end":{"line":359,"column":9}},{"start":{"line":356,"column":8},"end":{"line":359,"column":9}}],"line":356},"14":{"loc":{"start":{"line":377,"column":8},"end":{"line":400,"column":9}},"type":"if","locations":[{"start":{"line":377,"column":8},"end":{"line":400,"column":9}},{"start":{"line":377,"column":8},"end":{"line":400,"column":9}}],"line":377},"15":{"loc":{"start":{"line":390,"column":8},"end":{"line":393,"column":9}},"type":"if","locations":[{"start":{"line":390,"column":8},"end":{"line":393,"column":9}},{"start":{"line":390,"column":8},"end":{"line":393,"column":9}}],"line":390},"16":{"loc":{"start":{"line":411,"column":8},"end":{"line":445,"column":9}},"type":"if","locations":[{"start":{"line":411,"column":8},"end":{"line":445,"column":9}},{"start":{"line":411,"column":8},"end":{"line":445,"column":9}}],"line":411},"17":{"loc":{"start":{"line":418,"column":12},"end":{"line":421,"column":13}},"type":"if","locations":[{"start":{"line":418,"column":12},"end":{"line":421,"column":13}},{"start":{"line":418,"column":12},"end":{"line":421,"column":13}}],"line":418},"18":{"loc":{"start":{"line":435,"column":12},"end":{"line":438,"column":13}},"type":"if","locations":[{"start":{"line":435,"column":12},"end":{"line":438,"column":13}},{"start":{"line":435,"column":12},"end":{"line":438,"column":13}}],"line":435},"19":{"loc":{"start":{"line":458,"column":8},"end":{"line":499,"column":9}},"type":"if","locations":[{"start":{"line":458,"column":8},"end":{"line":499,"column":9}},{"start":{"line":458,"column":8},"end":{"line":499,"column":9}}],"line":458},"20":{"loc":{"start":{"line":468,"column":12},"end":{"line":471,"column":13}},"type":"if","locations":[{"start":{"line":468,"column":12},"end":{"line":471,"column":13}},{"start":{"line":468,"column":12},"end":{"line":471,"column":13}}],"line":468},"21":{"loc":{"start":{"line":488,"column":12},"end":{"line":491,"column":13}},"type":"if","locations":[{"start":{"line":488,"column":12},"end":{"line":491,"column":13}},{"start":{"line":488,"column":12},"end":{"line":491,"column":13}}],"line":488},"22":{"loc":{"start":{"line":504,"column":8},"end":{"line":514,"column":13}},"type":"if","locations":[{"start":{"line":504,"column":8},"end":{"line":514,"column":13}},{"start":{"line":504,"column":8},"end":{"line":514,"column":13}}],"line":504},"23":{"loc":{"start":{"line":519,"column":18},"end":{"line":519,"column":51}},"type":"cond-expr","locations":[{"start":{"line":519,"column":36},"end":{"line":519,"column":42}},{"start":{"line":519,"column":45},"end":{"line":519,"column":51}}],"line":519},"24":{"loc":{"start":{"line":522,"column":12},"end":{"line":525,"column":13}},"type":"if","locations":[{"start":{"line":522,"column":12},"end":{"line":525,"column":13}},{"start":{"line":522,"column":12},"end":{"line":525,"column":13}}],"line":522},"25":{"loc":{"start":{"line":523,"column":16},"end":{"line":523,"column":74}},"type":"if","locations":[{"start":{"line":523,"column":16},"end":{"line":523,"column":74}},{"start":{"line":523,"column":16},"end":{"line":523,"column":74}}],"line":523},"26":{"loc":{"start":{"line":524,"column":16},"end":{"line":524,"column":77}},"type":"if","locations":[{"start":{"line":524,"column":16},"end":{"line":524,"column":77}},{"start":{"line":524,"column":16},"end":{"line":524,"column":77}}],"line":524},"27":{"loc":{"start":{"line":527,"column":12},"end":{"line":530,"column":13}},"type":"if","locations":[{"start":{"line":527,"column":12},"end":{"line":530,"column":13}},{"start":{"line":527,"column":12},"end":{"line":530,"column":13}}],"line":527},"28":{"loc":{"start":{"line":528,"column":16},"end":{"line":528,"column":74}},"type":"if","locations":[{"start":{"line":528,"column":16},"end":{"line":528,"column":74}},{"start":{"line":528,"column":16},"end":{"line":528,"column":74}}],"line":528},"29":{"loc":{"start":{"line":529,"column":16},"end":{"line":529,"column":77}},"type":"if","locations":[{"start":{"line":529,"column":16},"end":{"line":529,"column":77}},{"start":{"line":529,"column":16},"end":{"line":529,"column":77}}],"line":529},"30":{"loc":{"start":{"line":534,"column":27},"end":{"line":545,"column":67}},"type":"cond-expr","locations":[{"start":{"line":534,"column":49},"end":{"line":539,"column":67}},{"start":{"line":540,"column":48},"end":{"line":545,"column":67}}],"line":534},"31":{"loc":{"start":{"line":547,"column":29},"end":{"line":553,"column":58}},"type":"cond-expr","locations":[{"start":{"line":547,"column":47},"end":{"line":552,"column":67}},{"start":{"line":553,"column":48},"end":{"line":553,"column":58}}],"line":547}},"s":{"0":1,"1":1,"2":1,"3":1,"4":1,"5":1,"6":1,"7":1,"8":1,"9":1,"10":1,"11":1,"12":1,"13":1,"14":1,"15":1,"16":1,"17":1,"18":1,"19":1,"20":1,"21":1,"22":1,"23":1,"24":1,"25":1,"26":1,"27":0,"28":1,"29":0,"30":0,"31":0,"32":0,"33":0,"34":0,"35":0,"36":0,"37":0,"38":0,"39":0,"40":0,"41":0,"42":0,"43":0,"44":0,"45":0,"46":0,"47":0,"48":0,"49":0,"50":0,"51":0,"52":0,"53":0,"54":0,"55":0,"56":0,"57":0,"58":0,"59":0,"60":0,"61":0,"62":0,"63":0,"64":0,"65":0,"66":0,"67":0,"68":0,"69":0,"70":0,"71":0,"72":0,"73":0,"74":0,"75":0,"76":0,"77":0,"78":0,"79":0,"80":0,"81":0,"82":0,"83":0,"84":0,"85":0,"86":0,"87":0,"88":0,"89":0,"90":0,"91":0,"92":0,"93":0,"94":0,"95":0,"96":0,"97":0,"98":0,"99":0,"100":0,"101":0,"102":0,"103":0,"104":0,"105":1,"106":0,"107":1,"108":0,"109":0,"110":0,"111":0,"112":0,"113":0,"114":0,"115":0,"116":0,"117":0,"118":0,"119":0,"120":0,"121":0,"122":0,"123":0,"124":0,"125":0,"126":0,"127":0,"128":0,"129":0,"130":0,"131":0,"132":0,"133":0,"134":0,"135":0,"136":0,"137":0,"138":0,"139":0,"140":0,"141":0,"142":0,"143":0,"144":0,"145":0,"146":0,"147":0,"148":0,"149":0,"150":0,"151":0,"152":0,"153":0,"154":0,"155":0,"156":1,"157":1,"158":0,"159":0,"160":0,"161":0,"162":0,"163":0,"164":0,"165":0,"166":0,"167":0,"168":0,"169":0,"170":0,"171":0,"172":0,"173":0,"174":0,"175":0,"176":0,"177":0,"178":0,"179":1,"180":0,"181":1,"182":0,"183":1,"184":0,"185":1,"186":0,"187":0,"188":1,"189":0,"190":0,"191":1},"f":{"0":1,"1":1,"2":1,"3":0,"4":0,"5":0,"6":0,"7":0,"8":0,"9":0,"10":0,"11":0,"12":0,"13":0,"14":0,"15":0,"16":0,"17":0,"18":0,"19":1,"20":0,"21":0,"22":0,"23":0,"24":0,"25":0,"26":0,"27":0,"28":0,"29":0},"b":{"0":[0,0],"1":[0,0,0,0,0,0,0,0,0,0,0,0],"2":[0,0],"3":[0,0],"4":[0,0],"5":[0,0],"6":[0,0],"7":[0,0],"8":[0,0],"9":[0,0],"10":[0,0],"11":[0,0],"12":[0,0],"13":[0,0],"14":[0,0],"15":[0,0],"16":[0,0],"17":[0,0],"18":[0,0],"19":[0,0],"20":[0,0],"21":[0,0],"22":[1,0],"23":[0,0],"24":[0,0],"25":[0,0],"26":[0,0],"27":[0,0],"28":[0,0],"29":[0,0],"30":[0,0],"31":[0,0]},"_coverageSchema":"43e27e138ebf9cfc5966b082cf9a028302ed4184","hash":"3b4271438f7f51cf6be356946b1aeede75c7ba27"}
,"E:\\SE231-summer\\project\\PKBG_ARshotgame\\Component\\SectionView.js": {"path":"E:\\SE231-summer\\project\\PKBG_ARshotgame\\Component\\SectionView.js","statementMap":{"0":{"start":{"line":10,"column":14},"end":{"line":10,"column":38}},"1":{"start":{"line":14,"column":8},"end":{"line":14,"column":21}},"2":{"start":{"line":15,"column":8},"end":{"line":25,"column":9}},"3":{"start":{"line":30,"column":8},"end":{"line":45,"column":10}},"4":{"start":{"line":37,"column":50},"end":{"line":37,"column":106}},"5":{"start":{"line":48,"column":18},"end":{"line":67,"column":5}},"6":{"start":{"line":49,"column":19},"end":{"line":49,"column":33}},"7":{"start":{"line":50,"column":8},"end":{"line":56,"column":9}},"8":{"start":{"line":52,"column":23},"end":{"line":52,"column":30}},"9":{"start":{"line":55,"column":12},"end":{"line":55,"column":29}},"10":{"start":{"line":57,"column":8},"end":{"line":66,"column":13}},"11":{"start":{"line":69,"column":19},"end":{"line":76,"column":5}},"12":{"start":{"line":70,"column":18},"end":{"line":70,"column":44}},"13":{"start":{"line":71,"column":8},"end":{"line":75,"column":9}},"14":{"start":{"line":78,"column":21},"end":{"line":80,"column":5}},"15":{"start":{"line":79,"column":8},"end":{"line":79,"column":28}},"16":{"start":{"line":83,"column":15},"end":{"line":117,"column":2}}},"fnMap":{"0":{"name":"(anonymous_0)","decl":{"start":{"line":13,"column":4},"end":{"line":13,"column":5}},"loc":{"start":{"line":13,"column":23},"end":{"line":26,"column":5}},"line":13},"1":{"name":"(anonymous_1)","decl":{"start":{"line":28,"column":4},"end":{"line":28,"column":5}},"loc":{"start":{"line":28,"column":13},"end":{"line":46,"column":5}},"line":28},"2":{"name":"(anonymous_2)","decl":{"start":{"line":37,"column":44},"end":{"line":37,"column":45}},"loc":{"start":{"line":37,"column":50},"end":{"line":37,"column":106}},"line":37},"3":{"name":"(anonymous_3)","decl":{"start":{"line":48,"column":18},"end":{"line":48,"column":19}},"loc":{"start":{"line":48,"column":28},"end":{"line":67,"column":5}},"line":48},"4":{"name":"(anonymous_4)","decl":{"start":{"line":69,"column":19},"end":{"line":69,"column":20}},"loc":{"start":{"line":69,"column":29},"end":{"line":76,"column":5}},"line":69},"5":{"name":"(anonymous_5)","decl":{"start":{"line":78,"column":21},"end":{"line":78,"column":22}},"loc":{"start":{"line":78,"column":30},"end":{"line":80,"column":5}},"line":78}},"branchMap":{"0":{"loc":{"start":{"line":50,"column":8},"end":{"line":56,"column":9}},"type":"if","locations":[{"start":{"line":50,"column":8},"end":{"line":56,"column":9}},{"start":{"line":50,"column":8},"end":{"line":56,"column":9}}],"line":50}},"s":{"0":1,"1":1,"2":1,"3":1,"4":1,"5":1,"6":1,"7":1,"8":1,"9":0,"10":1,"11":1,"12":1,"13":1,"14":1,"15":3,"16":1},"f":{"0":1,"1":1,"2":1,"3":1,"4":1,"5":3},"b":{"0":[1,0]},"_coverageSchema":"43e27e138ebf9cfc5966b082cf9a028302ed4184","hash":"66403b103a7468c591ee331ff39b36db4f33a8aa"}
,"E:\\SE231-summer\\project\\PKBG_ARshotgame\\src\\img\\bg1.png": {"path":"E:\\SE231-summer\\project\\PKBG_ARshotgame\\src\\img\\bg1.png","statementMap":{"0":{"start":{"line":1,"column":0},"end":{"line":4,"column":6}}},"fnMap":{},"branchMap":{},"s":{"0":5},"f":{},"b":{},"_coverageSchema":"43e27e138ebf9cfc5966b082cf9a028302ed4184","hash":"0b11c9c1c1e991306cd090a5fc5b5cfd00752189"}
,"E:\\SE231-summer\\project\\PKBG_ARshotgame\\src\\style\\base.js": {"path":"E:\\SE231-summer\\project\\PKBG_ARshotgame\\src\\style\\base.js","statementMap":{"0":{"start":{"line":5,"column":13},"end":{"line":83,"column":2}},"1":{"start":{"line":85,"column":0},"end":{"line":85,"column":22}}},"fnMap":{},"branchMap":{},"s":{"0":6,"1":6},"f":{},"b":{},"_coverageSchema":"43e27e138ebf9cfc5966b082cf9a028302ed4184","hash":"e567014b64c33ef6fad4221f2098d1a90c44fcfb"}
,"E:\\SE231-summer\\project\\PKBG_ARshotgame\\src\\style\\header.js": {"path":"E:\\SE231-summer\\project\\PKBG_ARshotgame\\src\\style\\header.js","statementMap":{"0":{"start":{"line":5,"column":16},"end":{"line":5,"column":40}},"1":{"start":{"line":6,"column":15},"end":{"line":25,"column":2}},"2":{"start":{"line":27,"column":0},"end":{"line":27,"column":24}}},"fnMap":{},"branchMap":{},"s":{"0":4,"1":4,"2":4},"f":{},"b":{},"_coverageSchema":"43e27e138ebf9cfc5966b082cf9a028302ed4184","hash":"90533dc8ab421b4642f21d16f6c57beb2ac9e693"}
}
