TN:
SF:E:\SE231-summer\project\PKBG_ARshotgame\Component\EnterRoom_inputID.js
FN:26,(anonymous_0)
FN:40,(anonymous_1)
FN:46,(anonymous_2)
FN:59,(anonymous_3)
FN:74,(anonymous_4)
FN:79,(anonymous_5)
FN:84,(anonymous_6)
FN:123,(anonymous_7)
FN:128,(anonymous_8)
FNF:9
FNH:2
FNDA:1,(anonymous_0)
FNDA:0,(anonymous_1)
FNDA:0,(anonymous_2)
FNDA:0,(anonymous_3)
FNDA:0,(anonymous_4)
FNDA:0,(anonymous_5)
FNDA:0,(anonymous_6)
FNDA:0,(anonymous_7)
FNDA:1,(anonymous_8)
DA:17,1
DA:20,1
DA:27,1
DA:28,1
DA:33,1
DA:34,1
DA:35,1
DA:36,1
DA:41,0
DA:47,0
DA:61,0
DA:63,0
DA:65,0
DA:71,0
DA:73,0
DA:76,0
DA:77,0
DA:81,0
DA:82,0
DA:88,0
DA:90,0
DA:91,0
DA:93,0
DA:95,0
DA:97,0
DA:99,0
DA:101,0
DA:102,0
DA:124,0
DA:125,0
DA:130,1
LF:31
LH:9
BRDA:88,0,0,0
BRDA:88,0,1,0
BRDA:88,0,2,0
BRDA:88,0,3,0
BRDA:88,0,4,0
BRDA:88,0,5,0
BRDA:88,0,6,0
BRF:7
BRH:0
end_of_record
TN:
SF:E:\SE231-summer\project\PKBG_ARshotgame\Component\Gaming.js
FN:19,(anonymous_0)
FNF:1
FNH:1
FNDA:1,(anonymous_0)
DA:20,1
DA:32,1
LF:2
LH:2
BRF:0
BRH:0
end_of_record
TN:
SF:E:\SE231-summer\project\PKBG_ARshotgame\Component\Home.js
FN:13,(anonymous_0)
FN:21,(anonymous_1)
FN:29,(anonymous_2)
FNF:3
FNH:2
FNDA:1,(anonymous_0)
FNDA:0,(anonymous_1)
FNDA:1,(anonymous_2)
DA:14,1
DA:15,1
DA:22,0
DA:23,0
DA:30,1
LF:5
LH:3
BRF:0
BRH:0
end_of_record
TN:
SF:E:\SE231-summer\project\PKBG_ARshotgame\Component\Login.js
FN:22,(anonymous_0)
FN:36,(anonymous_1)
FN:42,(anonymous_2)
FN:50,(anonymous_3)
FN:61,(anonymous_4)
FN:75,(anonymous_5)
FN:80,(anonymous_6)
FN:84,(anonymous_7)
FN:116,(anonymous_8)
FN:129,(anonymous_9)
FN:135,(anonymous_10)
FN:140,(anonymous_11)
FN:153,(anonymous_12)
FNF:13
FNH:2
FNDA:1,(anonymous_0)
FNDA:0,(anonymous_1)
FNDA:0,(anonymous_2)
FNDA:0,(anonymous_3)
FNDA:0,(anonymous_4)
FNDA:0,(anonymous_5)
FNDA:0,(anonymous_6)
FNDA:0,(anonymous_7)
FNDA:0,(anonymous_8)
FNDA:0,(anonymous_9)
FNDA:0,(anonymous_10)
FNDA:0,(anonymous_11)
FNDA:1,(anonymous_12)
DA:16,1
DA:23,1
DA:24,1
DA:28,1
DA:29,1
DA:30,1
DA:31,1
DA:32,1
DA:37,0
DA:43,0
DA:51,0
DA:52,0
DA:64,0
DA:66,0
DA:68,0
DA:70,0
DA:74,0
DA:77,0
DA:78,0
DA:82,0
DA:88,0
DA:90,0
DA:91,0
DA:93,0
DA:95,0
DA:97,0
DA:98,0
DA:119,0
DA:121,0
DA:123,0
DA:127,0
DA:128,0
DA:132,0
DA:133,0
DA:137,0
DA:138,0
DA:144,0
DA:145,0
DA:146,0
DA:147,0
DA:148,0
DA:155,1
LF:42
LH:9
BRDA:88,0,0,0
BRDA:88,0,1,0
BRDA:88,0,2,0
BRDA:88,0,3,0
BRDA:88,0,4,0
BRDA:144,1,0,0
BRDA:144,1,1,0
BRDA:144,1,2,0
BRDA:144,1,3,0
BRF:9
BRH:0
end_of_record
TN:
SF:E:\SE231-summer\project\PKBG_ARshotgame\Component\MainPage.js
FN:20,(anonymous_0)
FN:33,(anonymous_1)
FN:45,(anonymous_2)
FN:59,(anonymous_3)
FN:66,(anonymous_4)
FN:71,(anonymous_5)
FN:97,(anonymous_6)
FN:109,(anonymous_7)
FN:120,(anonymous_8)
FN:124,(anonymous_9)
FNF:10
FNH:2
FNDA:1,(anonymous_0)
FNDA:0,(anonymous_1)
FNDA:0,(anonymous_2)
FNDA:0,(anonymous_3)
FNDA:0,(anonymous_4)
FNDA:0,(anonymous_5)
FNDA:0,(anonymous_6)
FNDA:0,(anonymous_7)
FNDA:0,(anonymous_8)
FNDA:1,(anonymous_9)
DA:21,1
DA:22,1
DA:25,1
DA:26,1
DA:27,1
DA:28,1
DA:29,1
DA:34,0
DA:35,0
DA:47,0
DA:49,0
DA:51,0
DA:57,0
DA:58,0
DA:61,0
DA:62,0
DA:63,0
DA:64,0
DA:68,0
DA:69,0
DA:75,0
DA:76,0
DA:77,0
DA:78,0
DA:79,0
DA:80,0
DA:81,0
DA:98,0
DA:99,0
DA:125,1
DA:189,1
LF:31
LH:9
BRDA:75,0,0,0
BRDA:75,0,1,0
BRDA:75,0,2,0
BRDA:75,0,3,0
BRF:4
BRH:0
end_of_record
TN:
SF:E:\SE231-summer\project\PKBG_ARshotgame\Component\Register.js
FN:24,(anonymous_0)
FN:66,(anonymous_1)
FN:84,(anonymous_2)
FN:90,(anonymous_3)
FN:96,(anonymous_4)
FN:102,(anonymous_5)
FN:108,(anonymous_6)
FN:121,(anonymous_7)
FN:149,(anonymous_8)
FN:154,(anonymous_9)
FN:160,(anonymous_10)
FN:194,(anonymous_11)
FN:200,(anonymous_12)
FNF:13
FNH:3
FNDA:2,(anonymous_0)
FNDA:1,(anonymous_1)
FNDA:0,(anonymous_2)
FNDA:0,(anonymous_3)
FNDA:0,(anonymous_4)
FNDA:0,(anonymous_5)
FNDA:0,(anonymous_6)
FNDA:0,(anonymous_7)
FNDA:0,(anonymous_8)
FNDA:0,(anonymous_9)
FNDA:0,(anonymous_10)
FNDA:0,(anonymous_11)
FNDA:1,(anonymous_12)
DA:26,2
DA:27,2
DA:30,2
DA:31,2
DA:32,2
DA:34,2
DA:35,2
DA:36,2
DA:39,2
DA:67,1
DA:68,1
DA:75,1
DA:76,1
DA:77,1
DA:78,1
DA:79,1
DA:80,1
DA:81,1
DA:85,0
DA:91,0
DA:97,0
DA:103,0
DA:109,0
DA:122,0
DA:125,0
DA:126,0
DA:129,0
DA:130,0
DA:131,0
DA:133,0
DA:134,0
DA:135,0
DA:138,0
DA:140,0
DA:147,0
DA:148,0
DA:151,0
DA:152,0
DA:156,0
DA:158,0
DA:164,0
DA:166,0
DA:167,0
DA:168,0
DA:170,0
DA:171,0
DA:173,0
DA:174,0
DA:176,0
DA:177,0
DA:195,0
DA:196,0
DA:202,1
DA:299,1
LF:54
LH:20
BRDA:31,0,0,2
BRDA:31,0,1,2
BRDA:32,1,0,2
BRDA:32,1,1,2
BRDA:34,2,0,2
BRDA:34,2,1,0
BRDA:35,3,0,2
BRDA:35,3,1,0
BRDA:36,4,0,2
BRDA:36,4,1,0
BRDA:129,5,0,0
BRDA:129,5,1,0
BRDA:133,6,0,0
BRDA:133,6,1,0
BRDA:133,7,0,0
BRDA:133,7,1,0
BRDA:133,7,2,0
BRDA:164,8,0,0
BRDA:164,8,1,0
BRDA:164,8,2,0
BRDA:164,8,3,0
BRF:21
BRH:7
end_of_record
TN:
SF:E:\SE231-summer\project\PKBG_ARshotgame\Component\Room.js
FN:44,(anonymous_0)
FN:70,(anonymous_1)
FN:85,(anonymous_2)
FN:89,(anonymous_3)
FN:99,(anonymous_4)
FN:115,(anonymous_5)
FN:132,(anonymous_6)
FN:191,(anonymous_7)
FN:208,(anonymous_8)
FN:269,(anonymous_9)
FN:274,(anonymous_10)
FN:282,(anonymous_11)
FN:292,(anonymous_12)
FN:307,(anonymous_13)
FN:309,(anonymous_14)
FN:340,(anonymous_15)
FN:376,(anonymous_16)
FN:409,(anonymous_17)
FN:456,(anonymous_18)
FN:502,(anonymous_19)
FN:521,(anonymous_20)
FN:616,(anonymous_21)
FN:619,(anonymous_22)
FN:628,(anonymous_23)
FN:631,(anonymous_24)
FN:644,(anonymous_25)
FN:646,(anonymous_26)
FN:650,(anonymous_27)
FN:660,(anonymous_28)
FN:669,(anonymous_29)
FNF:30
FNH:4
FNDA:1,(anonymous_0)
FNDA:1,(anonymous_1)
FNDA:1,(anonymous_2)
FNDA:0,(anonymous_3)
FNDA:0,(anonymous_4)
FNDA:0,(anonymous_5)
FNDA:0,(anonymous_6)
FNDA:0,(anonymous_7)
FNDA:0,(anonymous_8)
FNDA:0,(anonymous_9)
FNDA:0,(anonymous_10)
FNDA:0,(anonymous_11)
FNDA:0,(anonymous_12)
FNDA:0,(anonymous_13)
FNDA:0,(anonymous_14)
FNDA:0,(anonymous_15)
FNDA:0,(anonymous_16)
FNDA:0,(anonymous_17)
FNDA:0,(anonymous_18)
FNDA:1,(anonymous_19)
FNDA:0,(anonymous_20)
FNDA:0,(anonymous_21)
FNDA:0,(anonymous_22)
FNDA:0,(anonymous_23)
FNDA:0,(anonymous_24)
FNDA:0,(anonymous_25)
FNDA:0,(anonymous_26)
FNDA:0,(anonymous_27)
FNDA:0,(anonymous_28)
FNDA:0,(anonymous_29)
DA:19,1
DA:35,1
DA:37,1
DA:39,1
DA:45,1
DA:46,1
DA:58,1
DA:60,1
DA:61,1
DA:62,1
DA:63,1
DA:64,1
DA:65,1
DA:66,1
DA:67,1
DA:71,1
DA:89,1
DA:92,0
DA:99,1
DA:101,0
DA:102,0
DA:103,0
DA:104,0
DA:105,0
DA:108,0
DA:109,0
DA:113,0
DA:114,0
DA:115,0
DA:116,0
DA:117,0
DA:118,0
DA:123,0
DA:126,0
DA:130,0
DA:131,0
DA:132,0
DA:133,0
DA:134,0
DA:135,0
DA:140,0
DA:143,0
DA:148,0
DA:149,0
DA:150,0
DA:153,0
DA:154,0
DA:156,0
DA:157,0
DA:160,0
DA:166,0
DA:170,0
DA:171,0
DA:173,0
DA:174,0
DA:176,0
DA:177,0
DA:180,0
DA:185,0
DA:189,0
DA:190,0
DA:191,0
DA:192,0
DA:193,0
DA:194,0
DA:199,0
DA:202,0
DA:206,0
DA:207,0
DA:208,0
DA:209,0
DA:210,0
DA:211,0
DA:216,0
DA:219,0
DA:223,0
DA:228,0
DA:229,0
DA:231,0
DA:234,0
DA:239,0
DA:241,0
DA:247,0
DA:251,0
DA:252,0
DA:253,0
DA:257,0
DA:258,0
DA:259,0
DA:263,0
DA:264,0
DA:269,1
DA:271,0
DA:274,1
DA:276,0
DA:283,0
DA:284,0
DA:287,0
DA:288,0
DA:293,0
DA:294,0
DA:297,0
DA:298,0
DA:308,0
DA:309,0
DA:310,0
DA:315,0
DA:320,0
DA:325,0
DA:326,0
DA:341,0
DA:351,0
DA:356,0
DA:357,0
DA:361,0
DA:377,0
DA:385,0
DA:390,0
DA:391,0
DA:395,0
DA:411,0
DA:413,0
DA:418,0
DA:419,0
DA:423,0
DA:430,0
DA:435,0
DA:436,0
DA:440,0
DA:458,0
DA:463,0
DA:468,0
DA:469,0
DA:473,0
DA:483,0
DA:488,0
DA:489,0
DA:493,0
DA:498,0
DA:504,1
DA:505,1
DA:516,0
DA:517,0
DA:519,0
DA:521,0
DA:522,0
DA:523,0
DA:524,0
DA:527,0
DA:528,0
DA:529,0
DA:534,0
DA:547,0
DA:555,0
DA:616,0
DA:619,0
DA:628,0
DA:631,0
DA:644,1
DA:646,1
DA:647,0
DA:650,1
DA:651,0
DA:660,1
DA:661,0
DA:662,0
DA:669,1
DA:670,0
DA:671,0
DA:679,1
LF:170
LH:28
BRDA:101,0,0,0
BRDA:101,0,1,0
BRDA:105,1,0,0
BRDA:105,1,1,0
BRDA:105,1,2,0
BRDA:105,1,3,0
BRDA:105,1,4,0
BRDA:105,1,5,0
BRDA:105,1,6,0
BRDA:105,1,7,0
BRDA:105,1,8,0
BRDA:105,1,9,0
BRDA:105,1,10,0
BRDA:105,1,11,0
BRDA:116,2,0,0
BRDA:116,2,1,0
BRDA:133,3,0,0
BRDA:133,3,1,0
BRDA:154,4,0,0
BRDA:154,4,1,0
BRDA:174,5,0,0
BRDA:174,5,1,0
BRDA:192,6,0,0
BRDA:192,6,1,0
BRDA:209,7,0,0
BRDA:209,7,1,0
BRDA:243,8,0,0
BRDA:243,8,1,0
BRDA:310,9,0,0
BRDA:310,9,1,0
BRDA:315,10,0,0
BRDA:315,10,1,0
BRDA:325,11,0,0
BRDA:325,11,1,0
BRDA:341,12,0,0
BRDA:341,12,1,0
BRDA:356,13,0,0
BRDA:356,13,1,0
BRDA:377,14,0,0
BRDA:377,14,1,0
BRDA:390,15,0,0
BRDA:390,15,1,0
BRDA:411,16,0,0
BRDA:411,16,1,0
BRDA:418,17,0,0
BRDA:418,17,1,0
BRDA:435,18,0,0
BRDA:435,18,1,0
BRDA:458,19,0,0
BRDA:458,19,1,0
BRDA:468,20,0,0
BRDA:468,20,1,0
BRDA:488,21,0,0
BRDA:488,21,1,0
BRDA:504,22,0,1
BRDA:504,22,1,0
BRDA:519,23,0,0
BRDA:519,23,1,0
BRDA:522,24,0,0
BRDA:522,24,1,0
BRDA:523,25,0,0
BRDA:523,25,1,0
BRDA:524,26,0,0
BRDA:524,26,1,0
BRDA:527,27,0,0
BRDA:527,27,1,0
BRDA:528,28,0,0
BRDA:528,28,1,0
BRDA:529,29,0,0
BRDA:529,29,1,0
BRDA:534,30,0,0
BRDA:534,30,1,0
BRDA:547,31,0,0
BRDA:547,31,1,0
BRF:74
BRH:1
end_of_record
TN:
SF:E:\SE231-summer\project\PKBG_ARshotgame\Component\SectionView.js
FN:13,(anonymous_0)
FN:28,(anonymous_1)
FN:37,(anonymous_2)
FN:48,(anonymous_3)
FN:69,(anonymous_4)
FN:78,(anonymous_5)
FNF:6
FNH:6
FNDA:1,(anonymous_0)
FNDA:1,(anonymous_1)
FNDA:1,(anonymous_2)
FNDA:1,(anonymous_3)
FNDA:1,(anonymous_4)
FNDA:3,(anonymous_5)
DA:10,1
DA:14,1
DA:15,1
DA:30,1
DA:37,1
DA:48,1
DA:49,1
DA:50,1
DA:52,1
DA:55,0
DA:57,1
DA:69,1
DA:70,1
DA:71,1
DA:78,1
DA:79,3
DA:83,1
LF:17
LH:16
BRDA:50,0,0,1
BRDA:50,0,1,0
BRF:2
BRH:1
end_of_record
TN:
SF:E:\SE231-summer\project\PKBG_ARshotgame\src\img\bg1.png
FNF:0
FNH:0
DA:1,5
LF:1
LH:1
BRF:0
BRH:0
end_of_record
TN:
SF:E:\SE231-summer\project\PKBG_ARshotgame\src\style\base.js
FNF:0
FNH:0
DA:5,6
DA:85,6
LF:2
LH:2
BRF:0
BRH:0
end_of_record
TN:
SF:E:\SE231-summer\project\PKBG_ARshotgame\src\style\header.js
FNF:0
FNH:0
DA:5,4
DA:6,4
DA:27,4
LF:3
LH:3
BRF:0
BRH:0
end_of_record
